<?xml version="1.0" encoding="UTF-8" ?>
<testsuite failures="0" time="0.028" errors="0" skipped="0" tests="1" name="belajar.jdbc.AppTest">
  <properties>
    <property name="java.runtime.name" value="Java(TM) SE Runtime Environment"/>
    <property name="sun.boot.library.path" value="C:\Program Files (x86)\Java\jdk1.6.0_27\jre\bin"/>
    <property name="java.vm.version" value="20.2-b06"/>
    <property name="java.vm.vendor" value="Sun Microsystems Inc."/>
    <property name="java.vendor.url" value="http://java.sun.com/"/>
    <property name="path.separator" value=";"/>
    <property name="java.vm.name" value="Java HotSpot(TM) Client VM"/>
    <property name="file.encoding.pkg" value="sun.io"/>
    <property name="user.country" value="ID"/>
    <property name="sun.java.launcher" value="SUN_STANDARD"/>
    <property name="sun.os.patch.level" value="Service Pack 1"/>
    <property name="java.vm.specification.name" value="Java Virtual Machine Specification"/>
    <property name="user.dir" value="C:\Users\didik wahyudi\Documents\kuliah\pemrograman2\praktikum-pemrograman-2\sesi-02\belajar-maven-jdbc\my-app"/>
    <property name="java.runtime.version" value="1.6.0_27-b07"/>
    <property name="java.awt.graphicsenv" value="sun.awt.Win32GraphicsEnvironment"/>
    <property name="basedir" value="C:\Users\didik wahyudi\Documents\kuliah\pemrograman2\praktikum-pemrograman-2\sesi-02\belajar-maven-jdbc\my-app"/>
    <property name="java.endorsed.dirs" value="C:\Program Files (x86)\Java\jdk1.6.0_27\jre\lib\endorsed"/>
    <property name="os.arch" value="x86"/>
    <property name="surefire.real.class.path" value="C:\Users\DIDIKW~1\AppData\Local\Temp\surefirebooter2355984624551510412.jar"/>
    <property name="java.io.tmpdir" value="C:\Users\DIDIKW~1\AppData\Local\Temp\"/>
    <property name="line.separator" value="
"/>
    <property name="java.vm.specification.vendor" value="Sun Microsystems Inc."/>
    <property name="user.variant" value=""/>
    <property name="os.name" value="Windows 7"/>
    <property name="sun.jnu.encoding" value="Cp1252"/>
    <property name="java.library.path" value="C:\Program Files (x86)\Java\jdk1.6.0_27\jre\bin;C:\Windows\Sun\Java\bin;C:\Windows\system32;C:\Windows;C:\Windows\system32;C:\Windows;C:\Windows\System32\Wbem;C:\Windows\System32\WindowsPowerShell\v1.0\;C:\Program Files (x86)\QuickTime\QTSystem\;C:\Program Files (x86)\TortoiseGit\bin;C:\Program Files (x86)\Java\jdk1.6.0_27\bin;C:\Program Files (x86)\apache-maven-2.2.1\bin;C:\Program Files (x86)\Microsoft SQL Server\100\Tools\Binn\;C:\Program Files (x86)\Microsoft SQL Server\100\DTS\Binn\;C:\Program Files (x86)\Microsoft SQL Server\100\Tools\Binn\VSShell\Common7\IDE\;C:\BC5\BIN;;."/>
    <property name="surefire.test.class.path" value="C:\Users\didik wahyudi\Documents\kuliah\pemrograman2\praktikum-pemrograman-2\sesi-02\belajar-maven-jdbc\my-app\target\test-classes;C:\Users\didik wahyudi\Documents\kuliah\pemrograman2\praktikum-pemrograman-2\sesi-02\belajar-maven-jdbc\my-app\target\classes;C:\Users\didik wahyudi\.m2\repository\junit\junit\3.8.1\junit-3.8.1.jar;C:\Users\didik wahyudi\.m2\repository\mysql\mysql-connector-java\5.1.19\mysql-connector-java-5.1.19.jar;"/>
    <property name="java.specification.name" value="Java Platform API Specification"/>
    <property name="java.class.version" value="50.0"/>
    <property name="sun.management.compiler" value="HotSpot Client Compiler"/>
    <property name="os.version" value="6.1"/>
    <property name="user.home" value="C:\Users\didik wahyudi"/>
    <property name="user.timezone" value=""/>
    <property name="java.awt.printerjob" value="sun.awt.windows.WPrinterJob"/>
    <property name="java.specification.version" value="1.6"/>
    <property name="file.encoding" value="Cp1252"/>
    <property name="user.name" value="didik wahyudi"/>
    <property name="java.class.path" value="C:\Users\didik wahyudi\Documents\kuliah\pemrograman2\praktikum-pemrograman-2\sesi-02\belajar-maven-jdbc\my-app\target\test-classes;C:\Users\didik wahyudi\Documents\kuliah\pemrograman2\praktikum-pemrograman-2\sesi-02\belajar-maven-jdbc\my-app\target\classes;C:\Users\didik wahyudi\.m2\repository\junit\junit\3.8.1\junit-3.8.1.jar;C:\Users\didik wahyudi\.m2\repository\mysql\mysql-connector-java\5.1.19\mysql-connector-java-5.1.19.jar;"/>
    <property name="java.vm.specification.version" value="1.0"/>
    <property name="sun.arch.data.model" value="32"/>
    <property name="java.home" value="C:\Program Files (x86)\Java\jdk1.6.0_27\jre"/>
    <property name="sun.java.command" value="C:\Users\DIDIKW~1\AppData\Local\Temp\surefirebooter2355984624551510412.jar C:\Users\DIDIKW~1\AppData\Local\Temp\surefire5014530773308317936tmp C:\Users\DIDIKW~1\AppData\Local\Temp\surefire7883261425288752966tmp"/>
    <property name="java.specification.vendor" value="Sun Microsystems Inc."/>
    <property name="user.language" value="in"/>
    <property name="awt.toolkit" value="sun.awt.windows.WToolkit"/>
    <property name="java.vm.info" value="mixed mode, sharing"/>
    <property name="java.version" value="1.6.0_27"/>
    <property name="java.ext.dirs" value="C:\Program Files (x86)\Java\jdk1.6.0_27\jre\lib\ext;C:\Windows\Sun\Java\lib\ext"/>
    <property name="sun.boot.class.path" value="C:\Program Files (x86)\Java\jdk1.6.0_27\jre\lib\resources.jar;C:\Program Files (x86)\Java\jdk1.6.0_27\jre\lib\rt.jar;C:\Program Files (x86)\Java\jdk1.6.0_27\jre\lib\sunrsasign.jar;C:\Program Files (x86)\Java\jdk1.6.0_27\jre\lib\jsse.jar;C:\Program Files (x86)\Java\jdk1.6.0_27\jre\lib\jce.jar;C:\Program Files (x86)\Java\jdk1.6.0_27\jre\lib\charsets.jar;C:\Program Files (x86)\Java\jdk1.6.0_27\jre\lib\modules\jdk.boot.jar;C:\Program Files (x86)\Java\jdk1.6.0_27\jre\classes"/>
    <property name="java.vendor" value="Sun Microsystems Inc."/>
    <property name="localRepository" value="C:\Users\didik wahyudi\.m2\repository"/>
    <property name="file.separator" value="\"/>
    <property name="java.vendor.url.bug" value="http://java.sun.com/cgi-bin/bugreport.cgi"/>
    <property name="sun.cpu.endian" value="little"/>
    <property name="sun.io.unicode.encoding" value="UnicodeLittle"/>
    <property name="sun.desktop" value="windows"/>
    <property name="sun.cpu.isalist" value="pentium_pro+mmx pentium_pro pentium+mmx pentium i486 i386 i86"/>
  </properties>
  <testcase time="0.003" classname="belajar.jdbc.AppTest" name="testApp"/>
</testsuite>